<?xml version="1.0" encoding="UTF-8"?>
<!-- Generated by org.testng.reporters.JUnitReportReporter -->
<testsuite hostname="DESKTOP-NE4RA8U" failures="0" tests="2" name="Test.ValidationUsingDataProvider" time="45.525" errors="0" timestamp="2022-06-23T14:15:28 IST" skipped="0">
  <testcase classname="Test.ValidationUsingDataProvider" name="validations" time="24.260"/>
  <system-out/>
  <testcase classname="Test.ValidationUsingDataProvider" name="validations" time="21.265"/>
  <system-out/>
</testsuite> <!-- Test.ValidationUsingDataProvider -->
