<?xml version="1.0" encoding="UTF-8"?>
<!-- Generated by org.testng.reporters.JUnitReportReporter -->
<testsuite hostname="DESKTOP-NE4RA8U" failures="0" tests="1" name="Test.BrokenImage" time="22.737" errors="0" timestamp="2022-06-23T11:07:20 IST" skipped="0">
  <testcase classname="Test.BrokenImage" name="test" time="22.737"/>
  <system-out/>
</testsuite> <!-- Test.BrokenImage -->
